d:\문서\pku (all)\pku\计算机图形学\hw1 hand\hand\hand\intermediate\x64\debug\vc142.pdb
d:\문서\pku (all)\pku\计算机图形学\hw1 hand\hand\hand\intermediate\x64\debug\vc142.idb
d:\문서\pku (all)\pku\计算机图形学\hw1 hand\hand\hand\intermediate\x64\debug\main.obj
d:\cg hw1\hand\intermediate\x64\debug\vc142.pdb
d:\cg hw1\hand\intermediate\x64\debug\vc142.idb
d:\cg hw1\hand\intermediate\x64\debug\main.obj
d:\hand\intermediate\x64\debug\vc142.pdb
d:\hand\intermediate\x64\debug\vc142.idb
d:\hand\intermediate\x64\debug\controls.obj
d:\hand\intermediate\x64\debug\main.obj
d:\문서\pku (all)\pku\计算机图形学\hw1 hand\hand\hand\intermediate\x64\debug\hand.ilk
d:\문서\pku (all)\pku\计算机图形学\hw1 hand\hand\hand\bin\x64\debug\hand.exe
d:\문서\pku (all)\pku\计算机图形学\hw1 hand\hand\hand\bin\x64\debug\hand.pdb
d:\cg hw1\hand\bin\x64\debug\hand.exe
d:\cg hw1\hand\intermediate\x64\debug\hand.ilk
d:\cg hw1\hand\bin\x64\debug\hand.pdb
d:\hand\bin\x64\debug\hand.exe
d:\hand\intermediate\x64\debug\hand.ilk
d:\hand\bin\x64\debug\hand.pdb
d:\hand\intermediate\x64\debug\hand.tlog\cl.command.1.tlog
d:\hand\intermediate\x64\debug\hand.tlog\cl.read.1.tlog
d:\hand\intermediate\x64\debug\hand.tlog\cl.write.1.tlog
d:\hand\intermediate\x64\debug\hand.tlog\link.command.1.tlog
d:\hand\intermediate\x64\debug\hand.tlog\link.read.1.tlog
d:\hand\intermediate\x64\debug\hand.tlog\link.write.1.tlog
