  main.cpp
D:\OpenGL_Assignments\Hand\src\main.cpp(7,1): warning C4005: '_CRT_SECURE_NO_WARNINGS': 매크로 재정의
D:\OpenGL_Assignments\Hand\src\main.cpp : message : '_CRT_SECURE_NO_WARNINGS'의 이전 정의를 참조하십시오.
D:\OpenGL_Assignments\Hand\src\skeletal_mesh.h(361,22): warning C4018: '<': signed 또는 unsigned가 일치하지 않습니다.
D:\OpenGL_Assignments\Hand\src\main.cpp(238,33): warning C4244: '초기화 중': 'double'에서 'float'(으)로 변환하면서 데이터가 손실될 수 있습니다.
D:\OpenGL_Assignments\Hand\src\main.cpp(293,27): warning C4244: '초기화 중': 'double'에서 'float'(으)로 변환하면서 데이터가 손실될 수 있습니다.
D:\OpenGL_Assignments\Hand\src\main.cpp(295,28): warning C4305: '초기화 중': 'double'에서 'float'(으)로 잘립니다.
D:\OpenGL_Assignments\Hand\src\main.cpp(442,60): warning C4267: '인수': 'size_t'에서 'GLsizei'(으)로 변환하면서 데이터가 손실될 수 있습니다.
C:\Program Files (x86)\Microsoft Visual Studio\2019\Community\VC\Tools\MSVC\14.29.30037\include\utility(249,55): warning C4267: '초기화 중': 'size_t'에서 '_Ty2'(으)로 변환하면서 데이터가 손실될 수 있습니다.
          with
          [
              _Ty2=unsigned int
          ]
C:\Program Files (x86)\Microsoft Visual Studio\2019\Community\VC\Tools\MSVC\14.29.30037\include\xmemory(707): message : 컴파일되는 함수 템플릿 인스턴스화 'std::pair<const std::string,unsigned int>::pair<std::basic_string<char,std::char_traits<char>,std::allocator<char>>,unsigned __int64,0>(std::pair<std::basic_string<char,std::char_traits<char>,std::allocator<char>>,unsigned __int64> &&) noexcept'에 대한 참조를 확인하세요.
C:\Program Files (x86)\Microsoft Visual Studio\2019\Community\VC\Tools\MSVC\14.29.30037\include\xmemory(714): message : 컴파일되는 함수 템플릿 인스턴스화 'std::pair<const std::string,unsigned int>::pair<std::basic_string<char,std::char_traits<char>,std::allocator<char>>,unsigned __int64,0>(std::pair<std::basic_string<char,std::char_traits<char>,std::allocator<char>>,unsigned __int64> &&) noexcept'에 대한 참조를 확인하세요.
C:\Program Files (x86)\Microsoft Visual Studio\2019\Community\VC\Tools\MSVC\14.29.30037\include\xtree(811): message : 컴파일되는 함수 템플릿 인스턴스화 'void std::_Default_allocator_traits<_Alloc>::construct<_Ty,std::pair<std::basic_string<char,std::char_traits<char>,std::allocator<char>>,unsigned __int64>>(_Alloc &,_Objty *const ,std::pair<std::basic_string<char,std::char_traits<char>,std::allocator<char>>,unsigned __int64> &&)'에 대한 참조를 확인하세요.
          with
          [
              _Alloc=std::allocator<std::_Tree_node<std::pair<const std::string,unsigned int>,std::_Default_allocator_traits<std::allocator<std::pair<const std::string,unsigned int>>>::void_pointer>>,
              _Ty=std::pair<const std::string,unsigned int>,
              _Objty=std::pair<const std::string,unsigned int>
          ]
C:\Program Files (x86)\Microsoft Visual Studio\2019\Community\VC\Tools\MSVC\14.29.30037\include\xtree(812): message : 컴파일되는 함수 템플릿 인스턴스화 'void std::_Default_allocator_traits<_Alloc>::construct<_Ty,std::pair<std::basic_string<char,std::char_traits<char>,std::allocator<char>>,unsigned __int64>>(_Alloc &,_Objty *const ,std::pair<std::basic_string<char,std::char_traits<char>,std::allocator<char>>,unsigned __int64> &&)'에 대한 참조를 확인하세요.
          with
          [
              _Alloc=std::allocator<std::_Tree_node<std::pair<const std::string,unsigned int>,std::_Default_allocator_traits<std::allocator<std::pair<const std::string,unsigned int>>>::void_pointer>>,
              _Ty=std::pair<const std::string,unsigned int>,
              _Objty=std::pair<const std::string,unsigned int>
          ]
C:\Program Files (x86)\Microsoft Visual Studio\2019\Community\VC\Tools\MSVC\14.29.30037\include\xtree(1007): message : 컴파일되는 함수 템플릿 인스턴스화 'std::_Tree_temp_node<std::allocator<std::_Tree_node<std::pair<const std::string,unsigned int>,std::_Default_allocator_traits<_Alloc>::void_pointer>>>::_Tree_temp_node<_Ty>(_Alnode &,std::_Tree_node<std::pair<const std::string,unsigned int>,std::_Default_allocator_traits<_Alloc>::void_pointer> *,_Ty &&)'에 대한 참조를 확인하세요.
          with
          [
              _Alloc=std::allocator<std::pair<const std::string,unsigned int>>,
              _Ty=std::pair<std::basic_string<char,std::char_traits<char>,std::allocator<char>>,unsigned __int64>,
              _Alnode=std::allocator<std::_Tree_node<std::pair<const std::string,unsigned int>,std::_Default_allocator_traits<std::allocator<std::pair<const std::string,unsigned int>>>::void_pointer>>
          ]
C:\Program Files (x86)\Microsoft Visual Studio\2019\Community\VC\Tools\MSVC\14.29.30037\include\xtree(1020): message : 컴파일되는 함수 템플릿 인스턴스화 'std::_Tree_temp_node<std::allocator<std::_Tree_node<std::pair<const std::string,unsigned int>,std::_Default_allocator_traits<_Alloc>::void_pointer>>>::_Tree_temp_node<_Ty>(_Alnode &,std::_Tree_node<std::pair<const std::string,unsigned int>,std::_Default_allocator_traits<_Alloc>::void_pointer> *,_Ty &&)'에 대한 참조를 확인하세요.
          with
          [
              _Alloc=std::allocator<std::pair<const std::string,unsigned int>>,
              _Ty=std::pair<std::basic_string<char,std::char_traits<char>,std::allocator<char>>,unsigned __int64>,
              _Alnode=std::allocator<std::_Tree_node<std::pair<const std::string,unsigned int>,std::_Default_allocator_traits<std::allocator<std::pair<const std::string,unsigned int>>>::void_pointer>>
          ]
C:\Program Files (x86)\Microsoft Visual Studio\2019\Community\VC\Tools\MSVC\14.29.30037\include\xtree(1044): message : 컴파일되는 함수 템플릿 인스턴스화 'std::pair<std::_Tree_node<std::pair<const std::string,unsigned int>,std::_Default_allocator_traits<_Alloc>::void_pointer> *,bool> std::_Tree<std::_Tmap_traits<_Kty,_Ty,_Pr,_Alloc,false>>::_Emplace<std::pair<std::basic_string<char,std::char_traits<char>,std::allocator<char>>,unsigned __int64>>(std::pair<std::basic_string<char,std::char_traits<char>,std::allocator<char>>,unsigned __int64> &&)'에 대한 참조를 확인하세요.
          with
          [
              _Alloc=std::allocator<std::pair<const std::string,unsigned int>>,
              _Kty=std::string,
              _Ty=unsigned int,
              _Pr=std::less<std::string>
          ]
C:\Program Files (x86)\Microsoft Visual Studio\2019\Community\VC\Tools\MSVC\14.29.30037\include\xtree(1045): message : 컴파일되는 함수 템플릿 인스턴스화 'std::pair<std::_Tree_node<std::pair<const std::string,unsigned int>,std::_Default_allocator_traits<_Alloc>::void_pointer> *,bool> std::_Tree<std::_Tmap_traits<_Kty,_Ty,_Pr,_Alloc,false>>::_Emplace<std::pair<std::basic_string<char,std::char_traits<char>,std::allocator<char>>,unsigned __int64>>(std::pair<std::basic_string<char,std::char_traits<char>,std::allocator<char>>,unsigned __int64> &&)'에 대한 참조를 확인하세요.
          with
          [
              _Alloc=std::allocator<std::pair<const std::string,unsigned int>>,
              _Kty=std::string,
              _Ty=unsigned int,
              _Pr=std::less<std::string>
          ]
C:\Program Files (x86)\Microsoft Visual Studio\2019\Community\VC\Tools\MSVC\14.29.30037\include\map(165): message : 컴파일되는 함수 템플릿 인스턴스화 'std::pair<std::_Tree_iterator<std::_Tree_val<std::_Tree_simple_types<std::pair<const std::string,unsigned int>>>>,bool> std::_Tree<std::_Tmap_traits<_Kty,_Ty,_Pr,_Alloc,false>>::emplace<std::pair<std::basic_string<char,std::char_traits<char>,std::allocator<char>>,unsigned __int64>>(std::pair<std::basic_string<char,std::char_traits<char>,std::allocator<char>>,unsigned __int64> &&)'에 대한 참조를 확인하세요.
          with
          [
              _Kty=std::string,
              _Ty=unsigned int,
              _Pr=std::less<std::string>,
              _Alloc=std::allocator<std::pair<const std::string,unsigned int>>
          ]
C:\Program Files (x86)\Microsoft Visual Studio\2019\Community\VC\Tools\MSVC\14.29.30037\include\map(165): message : 컴파일되는 함수 템플릿 인스턴스화 'std::pair<std::_Tree_iterator<std::_Tree_val<std::_Tree_simple_types<std::pair<const std::string,unsigned int>>>>,bool> std::_Tree<std::_Tmap_traits<_Kty,_Ty,_Pr,_Alloc,false>>::emplace<std::pair<std::basic_string<char,std::char_traits<char>,std::allocator<char>>,unsigned __int64>>(std::pair<std::basic_string<char,std::char_traits<char>,std::allocator<char>>,unsigned __int64> &&)'에 대한 참조를 확인하세요.
          with
          [
              _Kty=std::string,
              _Ty=unsigned int,
              _Pr=std::less<std::string>,
              _Alloc=std::allocator<std::pair<const std::string,unsigned int>>
          ]
D:\OpenGL_Assignments\Hand\src\skeletal_mesh.h(245): message : 컴파일되는 함수 템플릿 인스턴스화 'std::pair<std::_Tree_iterator<std::_Tree_val<std::_Tree_simple_types<std::pair<const std::string,unsigned int>>>>,bool> std::map<std::string,unsigned int,std::less<std::string>,std::allocator<std::pair<const std::string,unsigned int>>>::insert<std::pair<std::basic_string<char,std::char_traits<char>,std::allocator<char>>,unsigned __int64>,0>(_Valty &&)'에 대한 참조를 확인하세요.
          with
          [
              _Valty=std::pair<std::basic_string<char,std::char_traits<char>,std::allocator<char>>,unsigned __int64>
          ]
D:\OpenGL_Assignments\Hand\src\skeletal_mesh.h(245): message : 컴파일되는 함수 템플릿 인스턴스화 'std::pair<std::_Tree_iterator<std::_Tree_val<std::_Tree_simple_types<std::pair<const std::string,unsigned int>>>>,bool> std::map<std::string,unsigned int,std::less<std::string>,std::allocator<std::pair<const std::string,unsigned int>>>::insert<std::pair<std::basic_string<char,std::char_traits<char>,std::allocator<char>>,unsigned __int64>,0>(_Valty &&)'에 대한 참조를 확인하세요.
          with
          [
              _Valty=std::pair<std::basic_string<char,std::char_traits<char>,std::allocator<char>>,unsigned __int64>
          ]
  LINK : D:\OpenGL_Assignments\Hand\bin\x64\Debug\Hand.exe을(를) 찾을 수 없거나 마지막 증분 링크에 의해 빌드되지 않았습니다. 전체 링크를 수행하고 있습니다.
  Hand.vcxproj -> D:\OpenGL_Assignments\Hand\bin\x64\Debug\Hand.exe
  0개 파일이 복사되었습니다.
  0개 파일이 복사되었습니다.
